LOG ENTRY: Tue Jul 8th, 2014 @ precisely 6:32 pm UTC
PHP v5.4.26 :: WordPress® v3.5.1 :: s2Member® v130816 :: s2Member® Pro v130816
Memory 24.42 MB :: Real Memory 25.00 MB :: Peak Memory 24.54 MB :: Real Peak Memory 25.00 MB
www.itlocator2.com/wp-admin/user-new.php
User-Agent: Mozilla/5.0 (Windows NT 6.1; WOW64; rv:30.0) Gecko/20100101 Firefox/30.0
array (
  'user_id' => 71013,
  'password' => false,
  'pagenow' => 'user-new.php',
  'email_config' => true,
  'processed' => 'yes',
  'user' => 
  WP_User::__set_state(array(
     'data' => 
    stdClass::__set_state(array(
       'ID' => '71013',
       'user_login' => 'aman',
       'user_pass' => 'xxxxxxxx/pass',
       'user_nicename' => 'aman',
       'user_email' => 'aman.yadav25@gmail.com',
       'user_url' => '',
       'user_registered' => '2014-07-08 18:32:24',
       'user_activation_key' => '',
       'user_status' => '0',
       'display_name' => 'aman yadav',
    )),
     'ID' => 71013,
     'caps' => 
    array (
      'administrator' => true,
    ),
     'cap_key' => 'wp_capabilities',
     'roles' => 
    array (
      0 => 'administrator',
    ),
     'allcaps' => 
    array (
      'switch_themes' => true,
      'edit_themes' => true,
      'activate_plugins' => true,
      'edit_plugins' => true,
      'edit_users' => true,
      'edit_files' => true,
      'manage_options' => true,
      'moderate_comments' => true,
      'manage_categories' => true,
      'manage_links' => true,
      'upload_files' => true,
      'import' => true,
      'unfiltered_html' => true,
      'edit_posts' => true,
      'edit_others_posts' => true,
      'edit_published_posts' => true,
      'publish_posts' => true,
      'edit_pages' => true,
      'read' => true,
      'level_10' => true,
      'level_9' => true,
      'level_8' => true,
      'level_7' => true,
      'level_6' => true,
      'level_5' => true,
      'level_4' => true,
      'level_3' => true,
      'level_2' => true,
      'level_1' => true,
      'level_0' => true,
      'edit_others_pages' => true,
      'edit_published_pages' => true,
      'publish_pages' => true,
      'delete_pages' => true,
      'delete_others_pages' => true,
      'delete_published_pages' => true,
      'delete_posts' => true,
      'delete_others_posts' => true,
      'delete_published_posts' => true,
      'delete_private_posts' => true,
      'edit_private_posts' => true,
      'read_private_posts' => true,
      'delete_private_pages' => true,
      'edit_private_pages' => true,
      'read_private_pages' => true,
      'delete_users' => true,
      'create_users' => true,
      'unfiltered_upload' => true,
      'edit_dashboard' => true,
      'update_plugins' => true,
      'delete_plugins' => true,
      'install_plugins' => true,
      'update_themes' => true,
      'install_themes' => true,
      'update_core' => true,
      'list_users' => true,
      'remove_users' => true,
      'add_users' => true,
      'promote_users' => true,
      'edit_theme_options' => true,
      'delete_themes' => true,
      'export' => true,
      'access_s2member_level0' => true,
      'access_s2member_level1' => true,
      'access_s2member_level2' => true,
      'access_s2member_level3' => true,
      'access_s2member_level4' => true,
      'administrator' => true,
    ),
     'filter' => NULL,
  )),
  '_pmr' => 
  array (
    'action' => 'createuser',
    '_wpnonce_create-user' => '67650b1f28',
    '_wp_http_referer' => '/wp-admin/user-new.php',
    'user_login' => 'aman',
    'email' => 'aman.yadav25@gmail.com',
    'first_name' => 'aman',
    'last_name' => 'yadav',
    'url' => '',
    'pass1' => 'xxxxxxxx/pass',
    'pass2' => 'xxxxxxxx/pass',
    'send_password' => 'xxxxxxxx/pass',
    'role' => 'administrator',
    'ws_plugin__s2member_user_new_s2member_subscr_gateway' => '',
    'ws_plugin__s2member_user_new_s2member_subscr_id' => '',
    'ws_plugin__s2member_user_new_s2member_custom' => '',
    'ws_plugin__s2member_user_new_s2member_registration_ip' => '',
    'ws_plugin__s2member_user_new_s2member_ccaps' => '',
    'ws_plugin__s2member_user_new_s2member_auto_eot_time' => '',
    'ws_plugin__s2member_user_new_s2member_notes' => '',
    'createuser' => 'Add New User',
    'ws_plugin__s2member_custom_reg_field_s2member_subscr_gateway' => '',
    'ws_plugin__s2member_custom_reg_field_s2member_subscr_id' => '',
    'ws_plugin__s2member_custom_reg_field_s2member_custom' => '',
    'ws_plugin__s2member_custom_reg_field_s2member_registration_ip' => '',
    'ws_plugin__s2member_custom_reg_field_s2member_ccaps' => '',
    'ws_plugin__s2member_custom_reg_field_s2member_auto_eot_time' => '',
    'ws_plugin__s2member_custom_reg_field_s2member_notes' => '',
    0 => '',
  ),
  'custom_reg_display_name' => 'full',
  'current_role' => 'administrator',
  'role' => 'administrator',
  'level' => 4,
  'ccaps' => '',
  'email' => 'aman.yadav25@gmail.com',
  'login' => 'aman',
  'ip' => '',
  'custom' => '',
  'subscr_id' => '',
  'subscr_gateway' => '',
  'cv' => 
  array (
    0 => '',
  ),
  'eot' => '',
  'auto_eot_time' => '',
  'notes' => '',
  'opt_in' => false,
  'fname' => 'aman',
  'lname' => 'yadav',
  'name' => 'aman yadav',
  'pass' => 'xxxxxxxx/pass',
  'fields' => 
  array (
  ),
  'pr_times' => 
  array (
    'level' => 1404844344,
    'level4' => 1404844344,
  ),
)

